[0.023s] Invoking command in '/home/jetson/ros2/src/build/my_package': CMAKE_PREFIX_PATH=/opt/ros/foxy /usr/bin/cmake /home/jetson/ros2/src/my_package -DCMAKE_INSTALL_PREFIX=/home/jetson/ros2/src/install/my_package
[0.244s] -- The C compiler identification is GNU 9.4.0
[0.443s] -- The CXX compiler identification is GNU 9.4.0
[0.457s] -- Check for working C compiler: /usr/bin/cc
[0.596s] -- Check for working C compiler: /usr/bin/cc -- works
[0.599s] -- Detecting C compiler ABI info
[0.733s] -- Detecting C compiler ABI info - done
[0.761s] -- Detecting C compile features
[0.761s] -- Detecting C compile features - done
[0.767s] -- Check for working CXX compiler: /usr/bin/c++
[0.913s] -- Check for working CXX compiler: /usr/bin/c++ -- works
[0.914s] -- Detecting CXX compiler ABI info
[1.089s] -- Detecting CXX compiler ABI info - done
[1.110s] -- Detecting CXX compile features
[1.112s] -- Detecting CXX compile features - done
[1.124s] -- Found ament_cmake: 0.9.12 (/opt/ros/foxy/share/ament_cmake/cmake)
[1.175s] -- Found PythonInterp: /usr/bin/python3 (found suitable version "3.8.10", minimum required is "3") 
[1.175s] -- Using PYTHON_EXECUTABLE: /usr/bin/python3
[1.643s] -- Found rclcpp: 2.4.3 (/opt/ros/foxy/share/rclcpp/cmake)
[1.737s] -- Using all available rosidl_typesupport_c: rosidl_typesupport_fastrtps_c;rosidl_typesupport_introspection_c
[1.751s] -- Found rosidl_adapter: 1.3.1 (/opt/ros/foxy/share/rosidl_adapter/cmake)
[1.936s] -- Found OpenSSL: /usr/lib/aarch64-linux-gnu/libcrypto.so (found version "1.1.1f")  
[1.990s] -- Found FastRTPS: /opt/ros/foxy/include  
[2.145s] -- Using all available rosidl_typesupport_cpp: rosidl_typesupport_fastrtps_cpp;rosidl_typesupport_introspection_cpp
[2.254s] -- Found rmw_implementation_cmake: 1.0.4 (/opt/ros/foxy/share/rmw_implementation_cmake/cmake)
[2.257s] -- Using RMW implementation 'rmw_fastrtps_cpp' as default
[2.260s] -- Looking for pthread.h
[2.399s] -- Looking for pthread.h - found
[2.400s] -- Performing Test CMAKE_HAVE_LIBC_PTHREAD
[2.545s] -- Performing Test CMAKE_HAVE_LIBC_PTHREAD - Failed
[2.546s] -- Looking for pthread_create in pthreads
[2.675s] -- Looking for pthread_create in pthreads - not found
[2.676s] -- Looking for pthread_create in pthread
[2.818s] -- Looking for pthread_create in pthread - found
[2.822s] -- Found Threads: TRUE  
[3.149s] -- Found Boost: /usr/lib/aarch64-linux-gnu/cmake/Boost-1.71.0/BoostConfig.cmake (found version "1.71.0") found components: system 
[3.153s] -- Found ament_lint_auto: 0.9.8 (/opt/ros/foxy/share/ament_lint_auto/cmake)
[3.307s] -- Added test 'copyright' to check source files copyright and LICENSE
[3.309s] -- Added test 'cppcheck' to perform static code analysis on C / C++ code
[3.309s] -- Configured cppcheck include dirs: 
[3.310s] -- Configured cppcheck exclude dirs and/or files: 
[3.311s] -- Added test 'cpplint' to check C / C++ code against the Google style
[3.311s] -- Configured cpplint exclude dirs and/or files: 
[3.312s] -- Added test 'flake8' to check Python code syntax and style conventions
[3.313s] -- Added test 'lint_cmake' to check CMake code style
[3.314s] -- Added test 'pep257' to check Python code against some of the style conventions in PEP 257
[3.316s] -- Added test 'uncrustify' to check C / C++ code style
[3.317s] -- Configured uncrustify additional arguments: 
[3.317s] -- Added test 'xmllint' to check XML markup files
[3.325s] -- Configuring done
[3.334s] -- Generating done
[3.337s] -- Build files have been written to: /home/jetson/ros2/src/build/my_package
[3.354s] Invoked command in '/home/jetson/ros2/src/build/my_package' returned '0': CMAKE_PREFIX_PATH=/opt/ros/foxy /usr/bin/cmake /home/jetson/ros2/src/my_package -DCMAKE_INSTALL_PREFIX=/home/jetson/ros2/src/install/my_package
[3.360s] Invoking command in '/home/jetson/ros2/src/build/my_package': CMAKE_PREFIX_PATH=/opt/ros/foxy /usr/bin/cmake --build /home/jetson/ros2/src/build/my_package -- -j6 -l6
[3.444s] [35m[1mScanning dependencies of target gps_imitate_server[0m
[3.465s] [ 50%] [32mBuilding CXX object CMakeFiles/gps_imitate_server.dir/src/gps_imitate_server.cpp.o[0m
[3.482s] [01m[K/home/jetson/ros2/src/my_package/src/gps_imitate_server.cpp:1:10:[m[K [01;31m[Kfatal error: [m[Krclcpp/rclcpp.hpp: No such file or directory
[3.482s]     1 | #include [01;31m[K<rclcpp/rclcpp.hpp>[m[K
[3.482s]       |          [01;31m[K^~~~~~~~~~~~~~~~~~~[m[K
[3.483s] compilation terminated.
[3.484s] make[2]: *** [CMakeFiles/gps_imitate_server.dir/build.make:63: CMakeFiles/gps_imitate_server.dir/src/gps_imitate_server.cpp.o] Error 1
[3.485s] make[1]: *** [CMakeFiles/Makefile2:78: CMakeFiles/gps_imitate_server.dir/all] Error 2
[3.485s] make: *** [Makefile:141: all] Error 2
[3.492s] Invoked command in '/home/jetson/ros2/src/build/my_package' returned '2': CMAKE_PREFIX_PATH=/opt/ros/foxy /usr/bin/cmake --build /home/jetson/ros2/src/build/my_package -- -j6 -l6
